0 verbose cli C:\Program Files\nodejs\node.exe C:\Users\aripi\AppData\Roaming\npm\node_modules\npm\bin\npm-cli.js
1 info using npm@10.8.2
2 info using node@v20.15.1
3 silly config load:file:C:\Users\aripi\AppData\Roaming\npm\node_modules\npm\npmrc
4 silly config load:file:C:\Users\aripi\Onedrive\Desktop\Documents\iframe-this\.npmrc
5 silly config load:file:C:\Users\aripi\.npmrc
6 silly config load:file:C:\Users\aripi\AppData\Roaming\npm\etc\npmrc
7 verbose title npm init
8 verbose argv "init"
9 verbose logfile logs-max:10 dir:C:\Users\aripi\Onedrive\Desktop\Documents\iframe-this\tmpnodejsnpm-cache\_logs\2024-09-04T00_13_57_554Z-
10 verbose logfile C:\Users\aripi\Onedrive\Desktop\Documents\iframe-this\tmpnodejsnpm-cache\_logs\2024-09-04T00_13_57_554Z-debug-0.log
11 silly logfile done cleaning log files
12 http fetch GET 200 https://registry.npmjs.org/npm 115ms
13 silly package data {
13 silly package data   name: 'iframe-this',
13 silly package data   version: '1.0.0',
13 silly package data   description: 'Use a simple iframe to load hundreds of lines of code, and inject assets directly into your code without the eye sores or hassles.',
13 silly package data   main: 'index.js',
13 silly package data   scripts: { test: 'echo "Error: no test specified" && exit 1' },
13 silly package data   repository: {
13 silly package data     type: 'git',
13 silly package data     url: 'git+https://github.com/sudosurmrf/iframe-this.git'
13 silly package data   },
13 silly package data   keywords: [
13 silly package data     'iframe-this',
13 silly package data     'iframe',
13 silly package data     'inject',
13 silly package data     'code',
13 silly package data     'asset',
13 silly package data     'injection',
13 silly package data     'iframe',
13 silly package data     'loader'
13 silly package data   ],
13 silly package data   author: 'Ari Pine, Jose Sandoval',
13 silly package data   license: 'ISC',
13 silly package data   bugs: { url: 'https://github.com/sudosurmrf/iframe-this/issues' },
13 silly package data   homepage: 'https://github.com/sudosurmrf/iframe-this#readme'
13 silly package data }
14 verbose cwd C:\Users\aripi\Onedrive\Desktop\Documents\iframe-this
15 verbose os Windows_NT 10.0.22631
16 verbose node v20.15.1
17 verbose npm  v10.8.2
18 notice
18 notice New [36mpatch[39m version of npm available! [36m10.8.2[39m -> [34m10.8.3[39m
18 notice Changelog: [34mhttps://github.com/npm/cli/releases/tag/v10.8.3[39m
18 notice To update run: [4mnpm install -g npm@10.8.3[24m
18 notice  { force: true, [Symbol(proc-log.meta)]: true }
19 verbose exit 0
20 info ok
